<?xml version="1.0" encoding="UTF-8"?>
<!-- Generated by org.testng.reporters.JUnitXMLReporter -->
<testsuite hostname="DESKTOP-23R50OH" ignored="0" name="Test" tests="3" failures="0" timestamp="20 Dec 2022 18:18:31 GMT" time="37.522" errors="0">
  <testcase name="checkAndAlertBoxClickMe" time="0.628" classname="com.obsqura.ProjectPOM.SimpleAlertsTest"/>
  <testcase name="checkAndConfirmBoxClickMe" time="0.66" classname="com.obsqura.ProjectPOM.SimpleAlertsTest"/>
  <testcase name="checkAndPromptBoxClickMe" time="0.612" classname="com.obsqura.ProjectPOM.SimpleAlertsTest"/>
</testsuite> <!-- Test -->
